<?xml version="1.0" encoding="UTF-8"?>
<!-- Generated by org.testng.reporters.JUnitReportReporter -->
<testsuite skipped="0" hostname="LAPTOP-HHN7D2TC" name="com.ebanking.master.RoleNg" tests="1" failures="0" timestamp="2020-12-23T16:23:27 IST" time="11.171" errors="0">
  <testcase name="Rol" time="11.171" classname="com.ebanking.master.RoleNg"/>
</testsuite> <!-- com.ebanking.master.RoleNg -->
