<?xml version="1.0" encoding="UTF-8"?>
<!-- Generated by org.testng.reporters.JUnitReportReporter -->
<testsuite skipped="0" hostname="LAPTOP-HHN7D2TC" name="com.ebanking.master.Grid" tests="1" failures="0" timestamp="2021-01-05T16:43:44 IST" time="23.563" errors="0">
  <testcase name="Sgd" time="23.563" classname="com.ebanking.master.Grid"/>
</testsuite> <!-- com.ebanking.master.Grid -->
