<?xml version="1.0" encoding="UTF-8"?>
<!-- Generated by org.testng.reporters.JUnitReportReporter -->
<testsuite skipped="0" hostname="LAPTOP-HHN7D2TC" name="com.ebanking.scripts.SampleNG" tests="2" failures="0" timestamp="2020-12-21T16:31:12 IST" time="35.708" errors="0">
  <testcase name="Goggle" time="17.719" classname="com.ebanking.scripts.SampleNG"/>
  <testcase name="Facebook" time="17.989" classname="com.ebanking.scripts.SampleNG"/>
</testsuite> <!-- com.ebanking.scripts.SampleNG -->
