<?xml version="1.0" encoding="UTF-8"?>
<!-- Generated by org.testng.reporters.JUnitReportReporter -->
<testsuite skipped="0" hostname="LAPTOP-HHN7D2TC" name="com.ebanking.master.BranchNg" tests="1" failures="0" timestamp="2020-12-23T16:23:27 IST" time="7.559" errors="0">
  <testcase name="Br" time="7.559" classname="com.ebanking.master.BranchNg"/>
</testsuite> <!-- com.ebanking.master.BranchNg -->
